<?xml version="1.0" encoding="UTF-8"?>
<testng-results ignored="0" total="1" passed="1" failed="0" skipped="0">
  <reporter-output>
  </reporter-output>
  <suite started-at="2025-06-08T11:26:52Z" name="Default suite" finished-at="2025-06-08T11:27:03Z" duration-ms="10724">
    <groups>
    </groups>
    <test started-at="2025-06-08T11:26:52Z" name="Default test" finished-at="2025-06-08T11:27:03Z" duration-ms="10724">
      <class name="tests.banking.TestAddCustomer">
        <test-method is-config="true" signature="config()[pri:0, instance:tests.banking.TestAddCustomer@3403e2ac]" started-at="2025-06-08T11:26:52Z" name="config" finished-at="2025-06-08T11:26:52Z" duration-ms="316" status="PASS">
          <reporter-output>
          </reporter-output>
        </test-method> <!-- config -->
        <test-method signature="testAddCustomer()[pri:0, instance:tests.banking.TestAddCustomer@3403e2ac]" started-at="2025-06-08T11:26:52Z" name="testAddCustomer" finished-at="2025-06-08T11:27:02Z" duration-ms="10030" status="PASS">
          <reporter-output>
          </reporter-output>
        </test-method> <!-- testAddCustomer -->
        <test-method is-config="true" signature="teardown()[pri:0, instance:tests.banking.TestAddCustomer@3403e2ac]" started-at="2025-06-08T11:27:02Z" name="teardown" finished-at="2025-06-08T11:27:03Z" duration-ms="341" status="PASS">
          <reporter-output>
          </reporter-output>
        </test-method> <!-- teardown -->
      </class> <!-- tests.banking.TestAddCustomer -->
    </test> <!-- Default test -->
  </suite> <!-- Default suite -->
</testng-results>
